\BOOKMARK [0][-]{chapter*.4}{Introduzione}{}% 1
\BOOKMARK [0][-]{chapter.1}{Le\040caratteristiche\040dell'OnBoarding}{}% 2
\BOOKMARK [0][-]{chapter.2}{Le\040tecnologie\040utilizzate}{}% 3
\BOOKMARK [1][-]{section.2.1}{Tecnologie\040e\040Servizi}{chapter.2}% 4
\BOOKMARK [2][-]{subsection.2.1.1}{ASP.NET\040MVC\0406.0}{section.2.1}% 5
\BOOKMARK [2][-]{subsection.2.1.2}{Autenticazione\040con\040``Identity''}{section.2.1}% 6
\BOOKMARK [2][-]{subsection.2.1.3}{GitHub}{section.2.1}% 7
\BOOKMARK [2][-]{subsection.2.1.4}{Git}{section.2.1}% 8
\BOOKMARK [1][-]{section.2.2}{Linguaggi}{chapter.2}% 9
\BOOKMARK [2][-]{subsection.2.2.1}{SQL}{section.2.2}% 10
\BOOKMARK [2][-]{subsection.2.2.2}{C#}{section.2.2}% 11
\BOOKMARK [2][-]{subsection.2.2.3}{HTML,\040CSS,\040JavaScript}{section.2.2}% 12
\BOOKMARK [0][-]{chapter.3}{Il\040progetto\040e\040il\040suo\040sviluppo}{}% 13
\BOOKMARK [1][-]{section.3.1}{Tree\040Structure}{chapter.3}% 14
\BOOKMARK [1][-]{section.3.2}{Database}{chapter.3}% 15
\BOOKMARK [2][-]{subsection.3.2.1}{Progettazione}{section.3.2}% 16
\BOOKMARK [2][-]{subsection.3.2.2}{Scrittura\040nel\040linguaggio\040SQL}{section.3.2}% 17
\BOOKMARK [2][-]{subsection.3.2.3}{Interrogazioni\040al\040Database}{section.3.2}% 18
\BOOKMARK [1][-]{section.3.3}{Scrittura\040del\040codice\040C#}{chapter.3}% 19
\BOOKMARK [1][-]{section.3.4}{Layout\040della\040piattaforma}{chapter.3}% 20
\BOOKMARK [0][-]{chapter.4}{Risultati\040e\040sviluppi\040futuri}{}% 21
\BOOKMARK [1][-]{section.4.1}{Risultati}{chapter.4}% 22
\BOOKMARK [1][-]{section.4.2}{Sviluppi\040fututi}{chapter.4}% 23
\BOOKMARK [2][-]{subsection.4.2.1}{Pagina\040statistiche}{section.4.2}% 24
\BOOKMARK [2][-]{subsection.4.2.2}{Ruoli\040utente}{section.4.2}% 25
\BOOKMARK [2][-]{subsection.4.2.3}{Creazione\040dei\040Corsi}{section.4.2}% 26
\BOOKMARK [2][-]{subsection.4.2.4}{Text\040editor}{section.4.2}% 27
\BOOKMARK [2][-]{subsection.4.2.5}{Reportistica\040errori\040e\040commenti}{section.4.2}% 28
\BOOKMARK [2][-]{subsection.4.2.6}{Layout\040della\040piattaforma}{section.4.2}% 29
\BOOKMARK [0][-]{chapter*.18}{Conclusione}{}% 30
\BOOKMARK [0][-]{appendix.Alph1}{Scrittura\040del\040Database}{}% 31
